platforms/android/app/build/outputs/logs/manifest-merger-debug-report.txt
-- Merging decision tree log ---
provider#android.support.v4.content.FileProvider
INJECTED from src/main/AndroidManifest.xml:28:9-30:20
	android:grantUriPermissions
		ADDED from src/main/AndroidManifest.xml:28:133-167
	android:authorities
		INJECTED from src/main/AndroidManifest.xml
		ADDED from src/main/AndroidManifest.xml:28:19-107
	android:exported
		ADDED from src/main/AndroidManifest.xml:28:108-132
	android:name
		ADDED from src/main/AndroidManifest.xml:28:168-222
provider#org.apache.cordova.camera.FileProvider
INJECTED from src/main/AndroidManifest.xml:31:9-33:20
	android:grantUriPermissions
		ADDED from src/main/AndroidManifest.xml:31:92-126
	android:authorities
		INJECTED from src/main/AndroidManifest.xml
		ADDED from src/main/AndroidManifest.xml:31:19-66
	android:exported
		ADDED from src/main/AndroidManifest.xml:31:67-91
	android:name
		ADDED from src/main/AndroidManifest.xml:31:127-180
provider#io.github.pwlin.cordova.plugins.fileopener2.FileProvider
INJECTED from src/main/AndroidManifest.xml:34:9-36:20
	android:grantUriPermissions
		ADDED from src/main/AndroidManifest.xml:34:99-133
	android:authorities
		INJECTED from src/main/AndroidManifest.xml
		ADDED from src/main/AndroidManifest.xml:34:19-73
	android:exported
		ADDED from src/main/AndroidManifest.xml:34:74-98
	android:name
		ADDED from src/main/AndroidManifest.xml:34:134-205
activity#com.adobe.phonegap.push.PushHandlerActivity
INJECTED from src/main/AndroidManifest.xml:48:9-173
	android:exported
		ADDED from src/main/AndroidManifest.xml:48:19-42
	android:permission
		INJECTED from src/main/AndroidManifest.xml
		ADDED from src/main/AndroidManifest.xml:48:102-170
	android:name
		ADDED from src/main/AndroidManifest.xml:48:43-101
category#br.mil.eb.ebaula
INJECTED from src/main/AndroidManifest.xml:54:17-61
	android:name
		INJECTED from src/main/AndroidManifest.xml
		ADDED from src/main/AndroidManifest.xml:54:27-58
uses-permission#br.mil.eb.ebaula.permission.C2D_MESSAGE
INJECTED from src/main/AndroidManifest.xml:80:5-79
	android:name
		INJECTED from src/main/AndroidManifest.xml
		ADDED from src/main/AndroidManifest.xml:80:22-76
uses-permission#br.mil.eb.ebaula.permission.PushHandlerActivity
INJECTED from src/main/AndroidManifest.xml:81:5-87
	android:name
		INJECTED from src/main/AndroidManifest.xml
		ADDED from src/main/AndroidManifest.xml:81:22-84
permission#br.mil.eb.ebaula.permission.C2D_MESSAGE
INJECTED from src/main/AndroidManifest.xml:82:5-110
	android:protectionLevel
		ADDED from src/main/AndroidManifest.xml:82:72-107
	android:name
		INJECTED from src/main/AndroidManifest.xml
		ADDED from src/main/AndroidManifest.xml:82:17-71
permission#br.mil.eb.ebaula.permission.PushHandlerActivity
INJECTED from src/main/AndroidManifest.xml:83:5-118
	android:protectionLevel
		ADDED from src/main/AndroidManifest.xml:83:80-115
	android:name
		INJECTED from src/main/AndroidManifest.xml
		ADDED from src/main/AndroidManifest.xml:83:17-79
manifest
ADDED from src/main/AndroidManifest.xml:2:1-84:12
INJECTED from src/main/AndroidManifest.xml:2:1-84:12
INJECTED from src/main/AndroidManifest.xml:2:1-84:12
INJECTED from src/main/AndroidManifest.xml:2:1-84:12
MERGED from [me.leolin:ShortcutBadger:1.1.22] AndroidManifest.xml:2:1-52:12
MERGED from [com.android.support:support-v13:27.1.0] AndroidManifest.xml:17:1-22:12
MERGED from [com.google.android.gms:play-services-gcm:15.0.1] AndroidManifest.xml:17:1-28:12
MERGED from [com.google.android.gms:play-services-iid:15.0.1] AndroidManifest.xml:17:1-28:12
MERGED from [com.google.android.gms:play-services-base:15.0.1] AndroidManifest.xml:17:1-29:12
MERGED from [com.google.android.gms:play-services-stats:15.0.1] AndroidManifest.xml:2:1-9:12
MERGED from [com.google.android.gms:play-services-tasks:15.0.1] AndroidManifest.xml:2:1-9:12
MERGED from [com.google.android.gms:play-services-basement:15.0.1] AndroidManifest.xml:17:1-28:12
MERGED from [com.android.support:support-v4:27.1.0] AndroidManifest.xml:17:1-22:12
MERGED from [:CordovaLib] AndroidManifest.xml:20:1-27:12
MERGED from [com.android.support:support-media-compat:27.1.0] AndroidManifest.xml:17:1-22:12
MERGED from [com.android.support:support-fragment:27.1.0] AndroidManifest.xml:17:1-22:12
MERGED from [com.android.support:support-core-ui:27.1.0] AndroidManifest.xml:17:1-22:12
MERGED from [com.android.support:support-core-utils:27.1.0] AndroidManifest.xml:17:1-22:12
MERGED from [com.android.support:support-compat:27.1.0] AndroidManifest.xml:17:1-22:12
MERGED from [android.arch.lifecycle:runtime:1.1.0] AndroidManifest.xml:17:1-22:12
MERGED from [android.arch.lifecycle:livedata-core:1.1.0] AndroidManifest.xml:17:1-22:12
MERGED from [android.arch.lifecycle:viewmodel:1.1.0] AndroidManifest.xml:17:1-22:12
MERGED from [android.arch.core:runtime:1.1.0] AndroidManifest.xml:17:1-22:12
INJECTED from src/main/AndroidManifest.xml:2:1-84:12
INJECTED from src/main/AndroidManifest.xml:2:1-84:12
INJECTED from src/main/AndroidManifest.xml:2:1-84:12
	package
		ADDED from src/main/AndroidManifest.xml:2:102-128
		INJECTED from src/main/AndroidManifest.xml
		INJECTED from src/main/AndroidManifest.xml
	android:versionName
		ADDED from src/main/AndroidManifest.xml:2:74-101
		INJECTED from src/main/AndroidManifest.xml
		INJECTED from src/main/AndroidManifest.xml
	android:hardwareAccelerated
		ADDED from src/main/AndroidManifest.xml:2:11-45
	xmlns:android
		ADDED from src/main/AndroidManifest.xml:2:129-187
	android:versionCode
		ADDED from src/main/AndroidManifest.xml:2:46-73
		INJECTED from src/main/AndroidManifest.xml
		INJECTED from src/main/AndroidManifest.xml
supports-screens
ADDED from src/main/AndroidManifest.xml:3:5-191
	android:largeScreens
		ADDED from src/main/AndroidManifest.xml:3:49-76
	android:smallScreens
		ADDED from src/main/AndroidManifest.xml:3:132-159
	android:normalScreens
		ADDED from src/main/AndroidManifest.xml:3:77-105
	android:xlargeScreens
		ADDED from src/main/AndroidManifest.xml:3:160-188
	android:resizeable
		ADDED from src/main/AndroidManifest.xml:3:106-131
	android:anyDensity
		ADDED from src/main/AndroidManifest.xml:3:23-48
uses-permission#android.permission.INTERNET
ADDED from src/main/AndroidManifest.xml:4:5-67
MERGED from [com.google.android.gms:play-services-gcm:15.0.1] AndroidManifest.xml:24:5-67
MERGED from [com.google.android.gms:play-services-gcm:15.0.1] AndroidManifest.xml:24:5-67
MERGED from [com.google.android.gms:play-services-iid:15.0.1] AndroidManifest.xml:24:5-67
MERGED from [com.google.android.gms:play-services-iid:15.0.1] AndroidManifest.xml:24:5-67
	android:name
		ADDED from src/main/AndroidManifest.xml:4:22-64
application
ADDED from src/main/AndroidManifest.xml:5:5-68:19
MERGED from [com.google.android.gms:play-services-gcm:15.0.1] AndroidManifest.xml:26:5-20
MERGED from [com.google.android.gms:play-services-gcm:15.0.1] AndroidManifest.xml:26:5-20
MERGED from [com.google.android.gms:play-services-iid:15.0.1] AndroidManifest.xml:26:5-20
MERGED from [com.google.android.gms:play-services-iid:15.0.1] AndroidManifest.xml:26:5-20
MERGED from [com.google.android.gms:play-services-base:15.0.1] AndroidManifest.xml:22:5-27:19
MERGED from [com.google.android.gms:play-services-base:15.0.1] AndroidManifest.xml:22:5-27:19
MERGED from [com.google.android.gms:play-services-stats:15.0.1] AndroidManifest.xml:7:5-20
MERGED from [com.google.android.gms:play-services-stats:15.0.1] AndroidManifest.xml:7:5-20
MERGED from [com.google.android.gms:play-services-tasks:15.0.1] AndroidManifest.xml:7:5-20
MERGED from [com.google.android.gms:play-services-tasks:15.0.1] AndroidManifest.xml:7:5-20
MERGED from [com.google.android.gms:play-services-basement:15.0.1] AndroidManifest.xml:22:5-26:19
MERGED from [com.google.android.gms:play-services-basement:15.0.1] AndroidManifest.xml:22:5-26:19
	android:supportsRtl
		ADDED from src/main/AndroidManifest.xml:5:114-140
	android:label
		ADDED from src/main/AndroidManifest.xml:5:81-113
	android:hardwareAccelerated
		ADDED from src/main/AndroidManifest.xml:5:18-52
	android:icon
		ADDED from src/main/AndroidManifest.xml:5:53-80
activity#br.mil.eb.ebaula.MainActivity
ADDED from src/main/AndroidManifest.xml:6:9-27:20
	android:label
		ADDED from src/main/AndroidManifest.xml:6:155-192
	android:launchMode
		ADDED from src/main/AndroidManifest.xml:6:193-223
	android:windowSoftInputMode
		ADDED from src/main/AndroidManifest.xml:6:315-357
	android:debuggable
		ADDED from src/main/AndroidManifest.xml:6:129-154
	android:configChanges
		ADDED from src/main/AndroidManifest.xml:6:19-128
	android:theme
		ADDED from src/main/AndroidManifest.xml:6:252-314
	android:name
		ADDED from src/main/AndroidManifest.xml:6:224-251
intent-filter#android.intent.action.MAIN+android.intent.category.LAUNCHER
ADDED from src/main/AndroidManifest.xml:7:13-10:29
	android:label
		ADDED from src/main/AndroidManifest.xml:7:28-65
action#android.intent.action.MAIN
ADDED from src/main/AndroidManifest.xml:8:17-69
	android:name
		ADDED from src/main/AndroidManifest.xml:8:25-66
category#android.intent.category.LAUNCHER
ADDED from src/main/AndroidManifest.xml:9:17-77
	android:name
		ADDED from src/main/AndroidManifest.xml:9:27-74
intent-filter#android.intent.category.DEFAULT+com.darryncampbell.cordova.plugin.intent.ACTION
ADDED from src/main/AndroidManifest.xml:11:13-14:29
action#com.darryncampbell.cordova.plugin.intent.ACTION
ADDED from src/main/AndroidManifest.xml:12:17-90
	android:name
		ADDED from src/main/AndroidManifest.xml:12:25-87
category#android.intent.category.DEFAULT
ADDED from src/main/AndroidManifest.xml:13:17-76
	android:name
		ADDED from src/main/AndroidManifest.xml:13:27-73
intent-filter#android.intent.action.VIEW+android.intent.category.BROWSABLE+android.intent.category.DEFAULT
ADDED from src/main/AndroidManifest.xml:15:13-20:29
action#android.intent.action.VIEW
ADDED from src/main/AndroidManifest.xml:16:17-69
	android:name
		ADDED from src/main/AndroidManifest.xml:16:25-66
category#android.intent.category.BROWSABLE
ADDED from src/main/AndroidManifest.xml:18:17-78
	android:name
		ADDED from src/main/AndroidManifest.xml:18:27-75
data
ADDED from src/main/AndroidManifest.xml:19:17-55
	android:host
		ADDED from src/main/AndroidManifest.xml:25:23-39
	android:scheme
		ADDED from src/main/AndroidManifest.xml:19:23-52
	android:pathPrefix
		ADDED from src/main/AndroidManifest.xml:25:40-62
receiver#de.appplant.cordova.plugin.localnotification.TriggerReceiver
ADDED from src/main/AndroidManifest.xml:37:9-122
	android:exported
		ADDED from src/main/AndroidManifest.xml:37:19-43
	android:name
		ADDED from src/main/AndroidManifest.xml:37:44-119
receiver#de.appplant.cordova.plugin.localnotification.ClearReceiver
ADDED from src/main/AndroidManifest.xml:38:9-120
	android:exported
		ADDED from src/main/AndroidManifest.xml:38:19-43
	android:name
		ADDED from src/main/AndroidManifest.xml:38:44-117
activity#de.appplant.cordova.plugin.localnotification.ClickActivity
ADDED from src/main/AndroidManifest.xml:39:9-205
	android:launchMode
		ADDED from src/main/AndroidManifest.xml:39:44-79
	android:exported
		ADDED from src/main/AndroidManifest.xml:39:19-43
	android:theme
		ADDED from src/main/AndroidManifest.xml:39:154-202
	android:name
		ADDED from src/main/AndroidManifest.xml:39:80-153
receiver#de.appplant.cordova.plugin.notification.TriggerReceiver
ADDED from src/main/AndroidManifest.xml:40:9-117
	android:exported
		ADDED from src/main/AndroidManifest.xml:40:19-43
	android:name
		ADDED from src/main/AndroidManifest.xml:40:44-114
receiver#de.appplant.cordova.plugin.notification.ClearReceiver
ADDED from src/main/AndroidManifest.xml:41:9-115
	android:exported
		ADDED from src/main/AndroidManifest.xml:41:19-43
	android:name
		ADDED from src/main/AndroidManifest.xml:41:44-112
receiver#de.appplant.cordova.plugin.localnotification.RestoreReceiver
ADDED from src/main/AndroidManifest.xml:42:9-46:20
	android:exported
		ADDED from src/main/AndroidManifest.xml:42:19-43
	android:name
		ADDED from src/main/AndroidManifest.xml:42:44-119
intent-filter#android.intent.action.BOOT_COMPLETED
ADDED from src/main/AndroidManifest.xml:43:13-45:29
action#android.intent.action.BOOT_COMPLETED
ADDED from src/main/AndroidManifest.xml:44:17-79
	android:name
		ADDED from src/main/AndroidManifest.xml:44:25-76
activity#de.appplant.cordova.plugin.notification.ClickActivity
ADDED from src/main/AndroidManifest.xml:47:9-200
	android:launchMode
		ADDED from src/main/AndroidManifest.xml:47:44-79
	android:exported
		ADDED from src/main/AndroidManifest.xml:47:19-43
	android:theme
		ADDED from src/main/AndroidManifest.xml:47:149-197
	android:name
		ADDED from src/main/AndroidManifest.xml:47:80-148
receiver#com.adobe.phonegap.push.BackgroundActionButtonHandler
ADDED from src/main/AndroidManifest.xml:49:9-90
	android:name
		ADDED from src/main/AndroidManifest.xml:49:19-87
receiver#com.adobe.phonegap.push.PushDismissedHandler
ADDED from src/main/AndroidManifest.xml:50:9-81
	android:name
		ADDED from src/main/AndroidManifest.xml:50:19-78
receiver#com.google.android.gms.gcm.GcmReceiver
ADDED from src/main/AndroidManifest.xml:51:9-56:20
	android:exported
		ADDED from src/main/AndroidManifest.xml:51:19-42
	android:permission
		ADDED from src/main/AndroidManifest.xml:51:97-157
	android:name
		ADDED from src/main/AndroidManifest.xml:51:43-96
intent-filter#br.mil.eb.ebaula+com.google.android.c2dm.intent.RECEIVE
ADDED from src/main/AndroidManifest.xml:52:13-55:29
action#com.google.android.c2dm.intent.RECEIVE
ADDED from src/main/AndroidManifest.xml:53:17-81
	android:name
		ADDED from src/main/AndroidManifest.xml:53:25-78
service#com.adobe.phonegap.push.GCMIntentService
ADDED from src/main/AndroidManifest.xml:57:9-61:19
	android:exported
		ADDED from src/main/AndroidManifest.xml:57:18-42
	android:name
		ADDED from src/main/AndroidManifest.xml:57:43-98
intent-filter#com.google.android.c2dm.intent.RECEIVE
ADDED from src/main/AndroidManifest.xml:58:13-60:29
service#com.adobe.phonegap.push.PushInstanceIDListenerService
ADDED from src/main/AndroidManifest.xml:62:9-66:19
	android:exported
		ADDED from src/main/AndroidManifest.xml:62:18-42
	android:name
		ADDED from src/main/AndroidManifest.xml:62:43-111
intent-filter#com.google.android.gms.iid.InstanceID
ADDED from src/main/AndroidManifest.xml:63:13-65:29
action#com.google.android.gms.iid.InstanceID
ADDED from src/main/AndroidManifest.xml:64:17-80
	android:name
		ADDED from src/main/AndroidManifest.xml:64:25-77
service#com.adobe.phonegap.push.RegistrationIntentService
ADDED from src/main/AndroidManifest.xml:67:9-110
	android:exported
		ADDED from src/main/AndroidManifest.xml:67:18-42
	android:name
		ADDED from src/main/AndroidManifest.xml:67:43-107
uses-sdk
ADDED from src/main/AndroidManifest.xml:69:5-74
INJECTED from src/main/AndroidManifest.xml:69:5-74
MERGED from [me.leolin:ShortcutBadger:1.1.22] AndroidManifest.xml:7:5-9:41
MERGED from [me.leolin:ShortcutBadger:1.1.22] AndroidManifest.xml:7:5-9:41
MERGED from [com.android.support:support-v13:27.1.0] AndroidManifest.xml:20:5-44
MERGED from [com.android.support:support-v13:27.1.0] AndroidManifest.xml:20:5-44
MERGED from [com.google.android.gms:play-services-gcm:15.0.1] AndroidManifest.xml:20:5-44
MERGED from [com.google.android.gms:play-services-gcm:15.0.1] AndroidManifest.xml:20:5-44
MERGED from [com.google.android.gms:play-services-iid:15.0.1] AndroidManifest.xml:20:5-44
MERGED from [com.google.android.gms:play-services-iid:15.0.1] AndroidManifest.xml:20:5-44
MERGED from [com.google.android.gms:play-services-base:15.0.1] AndroidManifest.xml:20:5-44
MERGED from [com.google.android.gms:play-services-base:15.0.1] AndroidManifest.xml:20:5-44
MERGED from [com.google.android.gms:play-services-stats:15.0.1] AndroidManifest.xml:5:5-44
MERGED from [com.google.android.gms:play-services-stats:15.0.1] AndroidManifest.xml:5:5-44
MERGED from [com.google.android.gms:play-services-tasks:15.0.1] AndroidManifest.xml:5:5-44
MERGED from [com.google.android.gms:play-services-tasks:15.0.1] AndroidManifest.xml:5:5-44
MERGED from [com.google.android.gms:play-services-basement:15.0.1] AndroidManifest.xml:20:5-44
MERGED from [com.google.android.gms:play-services-basement:15.0.1] AndroidManifest.xml:20:5-44
MERGED from [com.android.support:support-v4:27.1.0] AndroidManifest.xml:20:5-44
MERGED from [com.android.support:support-v4:27.1.0] AndroidManifest.xml:20:5-44
MERGED from [:CordovaLib] AndroidManifest.xml:25:5-44
MERGED from [:CordovaLib] AndroidManifest.xml:25:5-44
MERGED from [com.android.support:support-media-compat:27.1.0] AndroidManifest.xml:20:5-44
MERGED from [com.android.support:support-media-compat:27.1.0] AndroidManifest.xml:20:5-44
MERGED from [com.android.support:support-fragment:27.1.0] AndroidManifest.xml:20:5-44
MERGED from [com.android.support:support-fragment:27.1.0] AndroidManifest.xml:20:5-44
MERGED from [com.android.support:support-core-ui:27.1.0] AndroidManifest.xml:20:5-44
MERGED from [com.android.support:support-core-ui:27.1.0] AndroidManifest.xml:20:5-44
MERGED from [com.android.support:support-core-utils:27.1.0] AndroidManifest.xml:20:5-44
MERGED from [com.android.support:support-core-utils:27.1.0] AndroidManifest.xml:20:5-44
MERGED from [com.android.support:support-compat:27.1.0] AndroidManifest.xml:20:5-44
MERGED from [com.android.support:support-compat:27.1.0] AndroidManifest.xml:20:5-44
MERGED from [android.arch.lifecycle:runtime:1.1.0] AndroidManifest.xml:20:5-44
MERGED from [android.arch.lifecycle:runtime:1.1.0] AndroidManifest.xml:20:5-44
MERGED from [android.arch.lifecycle:livedata-core:1.1.0] AndroidManifest.xml:20:5-44
MERGED from [android.arch.lifecycle:livedata-core:1.1.0] AndroidManifest.xml:20:5-44
MERGED from [android.arch.lifecycle:viewmodel:1.1.0] AndroidManifest.xml:20:5-44
MERGED from [android.arch.lifecycle:viewmodel:1.1.0] AndroidManifest.xml:20:5-44
MERGED from [android.arch.core:runtime:1.1.0] AndroidManifest.xml:20:5-44
MERGED from [android.arch.core:runtime:1.1.0] AndroidManifest.xml:20:5-44
INJECTED from src/main/AndroidManifest.xml:69:5-74
	android:targetSdkVersion
		ADDED from src/main/AndroidManifest.xml:69:42-71
	android:minSdkVersion
		ADDED from src/main/AndroidManifest.xml:69:15-41
		INJECTED from src/main/AndroidManifest.xml
		INJECTED from src/main/AndroidManifest.xml
uses-permission#android.permission.READ_EXTERNAL_STORAGE
ADDED from src/main/AndroidManifest.xml:70:5-80
	android:name
		ADDED from src/main/AndroidManifest.xml:70:22-77
uses-permission#android.permission.REQUEST_INSTALL_PACKAGES
ADDED from src/main/AndroidManifest.xml:71:5-83
	android:name
		ADDED from src/main/AndroidManifest.xml:71:22-80
uses-permission#android.permission.WRITE_EXTERNAL_STORAGE
ADDED from src/main/AndroidManifest.xml:72:5-81
	android:name
		ADDED from src/main/AndroidManifest.xml:72:22-78
uses-permission#android.permission.RECEIVE_BOOT_COMPLETED
ADDED from src/main/AndroidManifest.xml:73:5-81
	android:name
		ADDED from src/main/AndroidManifest.xml:73:22-78
uses-permission#android.permission.RECORD_AUDIO
ADDED from src/main/AndroidManifest.xml:74:5-71
	android:name
		ADDED from src/main/AndroidManifest.xml:74:22-68
uses-permission#android.permission.RECORD_VIDEO
ADDED from src/main/AndroidManifest.xml:75:5-71
	android:name
		ADDED from src/main/AndroidManifest.xml:75:22-68
uses-permission#android.permission.ACCESS_NETWORK_STATE
ADDED from src/main/AndroidManifest.xml:76:5-79
	android:name
		ADDED from src/main/AndroidManifest.xml:76:22-76
uses-permission#android.permission.WAKE_LOCK
ADDED from src/main/AndroidManifest.xml:77:5-68
	android:name
		ADDED from src/main/AndroidManifest.xml:77:22-65
uses-permission#android.permission.VIBRATE
ADDED from src/main/AndroidManifest.xml:78:5-66
	android:name
		ADDED from src/main/AndroidManifest.xml:78:22-63
uses-permission#com.google.android.c2dm.permission.RECEIVE
ADDED from src/main/AndroidManifest.xml:79:5-82
MERGED from [com.google.android.gms:play-services-gcm:15.0.1] AndroidManifest.xml:23:5-82
MERGED from [com.google.android.gms:play-services-gcm:15.0.1] AndroidManifest.xml:23:5-82
MERGED from [com.google.android.gms:play-services-iid:15.0.1] AndroidManifest.xml:23:5-82
MERGED from [com.google.android.gms:play-services-iid:15.0.1] AndroidManifest.xml:23:5-82
	android:name
		ADDED from src/main/AndroidManifest.xml:79:22-79
meta-data#android.support.FILE_PROVIDER_PATHS
ADDED from src/main/AndroidManifest.xml:29:13-116
	android:resource
		ADDED from src/main/AndroidManifest.xml:29:75-113
	android:name
		ADDED from src/main/AndroidManifest.xml:29:24-74
uses-permission#com.sec.android.provider.badge.permission.READ
ADDED from [me.leolin:ShortcutBadger:1.1.22] AndroidManifest.xml:19:5-86
	android:name
		ADDED from [me.leolin:ShortcutBadger:1.1.22] AndroidManifest.xml:19:22-83
uses-permission#com.sec.android.provider.badge.permission.WRITE
ADDED from [me.leolin:ShortcutBadger:1.1.22] AndroidManifest.xml:20:5-87
	android:name
		ADDED from [me.leolin:ShortcutBadger:1.1.22] AndroidManifest.xml:20:22-84
uses-permission#com.htc.launcher.permission.READ_SETTINGS
ADDED from [me.leolin:ShortcutBadger:1.1.22] AndroidManifest.xml:23:5-81
	android:name
		ADDED from [me.leolin:ShortcutBadger:1.1.22] AndroidManifest.xml:23:22-78
uses-permission#com.htc.launcher.permission.UPDATE_SHORTCUT
ADDED from [me.leolin:ShortcutBadger:1.1.22] AndroidManifest.xml:24:5-83
	android:name
		ADDED from [me.leolin:ShortcutBadger:1.1.22] AndroidManifest.xml:24:22-80
uses-permission#com.sonyericsson.home.permission.BROADCAST_BADGE
ADDED from [me.leolin:ShortcutBadger:1.1.22] AndroidManifest.xml:27:5-88
	android:name
		ADDED from [me.leolin:ShortcutBadger:1.1.22] AndroidManifest.xml:27:22-85
uses-permission#com.sonymobile.home.permission.PROVIDER_INSERT_BADGE
ADDED from [me.leolin:ShortcutBadger:1.1.22] AndroidManifest.xml:28:5-92
	android:name
		ADDED from [me.leolin:ShortcutBadger:1.1.22] AndroidManifest.xml:28:22-89
uses-permission#com.anddoes.launcher.permission.UPDATE_COUNT
ADDED from [me.leolin:ShortcutBadger:1.1.22] AndroidManifest.xml:31:5-84
	android:name
		ADDED from [me.leolin:ShortcutBadger:1.1.22] AndroidManifest.xml:31:22-81
uses-permission#com.majeur.launcher.permission.UPDATE_BADGE
ADDED from [me.leolin:ShortcutBadger:1.1.22] AndroidManifest.xml:34:5-83
	android:name
		ADDED from [me.leolin:ShortcutBadger:1.1.22] AndroidManifest.xml:34:22-80
uses-permission#com.huawei.android.launcher.permission.CHANGE_BADGE
ADDED from [me.leolin:ShortcutBadger:1.1.22] AndroidManifest.xml:37:5-91
	android:name
		ADDED from [me.leolin:ShortcutBadger:1.1.22] AndroidManifest.xml:37:22-88
uses-permission#com.huawei.android.launcher.permission.READ_SETTINGS
ADDED from [me.leolin:ShortcutBadger:1.1.22] AndroidManifest.xml:38:5-92
	android:name
		ADDED from [me.leolin:ShortcutBadger:1.1.22] AndroidManifest.xml:38:22-89
uses-permission#com.huawei.android.launcher.permission.WRITE_SETTINGS
ADDED from [me.leolin:ShortcutBadger:1.1.22] AndroidManifest.xml:39:5-93
	android:name
		ADDED from [me.leolin:ShortcutBadger:1.1.22] AndroidManifest.xml:39:22-90
uses-permission#android.permission.READ_APP_BADGE
ADDED from [me.leolin:ShortcutBadger:1.1.22] AndroidManifest.xml:42:5-73
	android:name
		ADDED from [me.leolin:ShortcutBadger:1.1.22] AndroidManifest.xml:42:22-70
uses-permission#com.oppo.launcher.permission.READ_SETTINGS
ADDED from [me.leolin:ShortcutBadger:1.1.22] AndroidManifest.xml:45:5-82
	android:name
		ADDED from [me.leolin:ShortcutBadger:1.1.22] AndroidManifest.xml:45:22-79
uses-permission#com.oppo.launcher.permission.WRITE_SETTINGS
ADDED from [me.leolin:ShortcutBadger:1.1.22] AndroidManifest.xml:46:5-83
	android:name
		ADDED from [me.leolin:ShortcutBadger:1.1.22] AndroidManifest.xml:46:22-80
uses-permission#me.everything.badger.permission.BADGE_COUNT_READ
ADDED from [me.leolin:ShortcutBadger:1.1.22] AndroidManifest.xml:49:5-88
	android:name
		ADDED from [me.leolin:ShortcutBadger:1.1.22] AndroidManifest.xml:49:22-85
uses-permission#me.everything.badger.permission.BADGE_COUNT_WRITE
ADDED from [me.leolin:ShortcutBadger:1.1.22] AndroidManifest.xml:50:5-89
	android:name
		ADDED from [me.leolin:ShortcutBadger:1.1.22] AndroidManifest.xml:50:22-86
activity#com.google.android.gms.common.api.GoogleApiActivity
ADDED from [com.google.android.gms:play-services-base:15.0.1] AndroidManifest.xml:23:9-26:75
	android:exported
		ADDED from [com.google.android.gms:play-services-base:15.0.1] AndroidManifest.xml:25:13-37
	android:theme
		ADDED from [com.google.android.gms:play-services-base:15.0.1] AndroidManifest.xml:26:13-72
	android:name
		ADDED from [com.google.android.gms:play-services-base:15.0.1] AndroidManifest.xml:24:13-79
meta-data#com.google.android.gms.version
ADDED from [com.google.android.gms:play-services-basement:15.0.1] AndroidManifest.xml:23:9-25:69
	android:value
		ADDED from [com.google.android.gms:play-services-basement:15.0.1] AndroidManifest.xml:25:13-66
	android:name
		ADDED from [com.google.android.gms:play-services-basement:15.0.1] AndroidManifest.xml:24:13-58